<?xml version="1.0" encoding="UTF-8"?>
<!-- Generated by org.testng.reporters.JUnitXMLReporter -->
<testsuite hostname="Ashus-MacBook-Air.local" ignored="2" tests="1" failures="1" timestamp="20 Apr 2018 18:16:08 GMT" time="0.093" errors="0">
  <testcase name="loginPageApplication" time="0.023" classname="testng">
    <failure type="java.lang.AssertionError" message="expected [13] but found [12]">
      <![CDATA[java.lang.AssertionError: expected [13] but found [12]
at testng.loginPageApplication(testng.java:17)
... Removed 31 stack frames]]>
    </failure>
  </testcase> <!-- loginPageApplication -->
  <testcase name="loginPage" time="0.0" classname="testng">
    <ignored/>
  </testcase> <!-- loginPage -->
  <testcase name="loginPageCheckOut" time="0.0" classname="testng">
    <ignored/>
  </testcase> <!-- loginPageCheckOut -->
</testsuite>
